Using pre-set license
Built from '2021.3/staging' branch; Version is '2021.3.11f1 (0a5ca18544bf) revision 679073'; Using compiler version '192829333'; Build Type 'Release'
OS: 'Windows 10  (10.0.19045) 64bit Core' Language: 'es' Physical Memory: 16253 MB
BatchMode: 1, IsHumanControllingUs: 0, StartBugReporterOnCrash: 0, Is64bit: 1, IsPro: 1

COMMAND LINE ARGUMENTS:
C:\Program Files\Unity\Hub\Editor\2021.3.11f1\Editor\Unity.exe
-adb2
-batchMode
-noUpm
-name
AssetImportWorker1
-projectPath
C:/Users/Nicolas/Documents/Unity/SeniorsVR_Unity
-logFile
Logs/AssetImportWorker1.log
-srvPort
61389
Successfully changed project path to: C:/Users/Nicolas/Documents/Unity/SeniorsVR_Unity
C:/Users/Nicolas/Documents/Unity/SeniorsVR_Unity
[UnityMemory] Configuration Parameters - Can be set up in boot.config
    "memorysetup-bucket-allocator-granularity=16"
    "memorysetup-bucket-allocator-bucket-count=8"
    "memorysetup-bucket-allocator-block-size=33554432"
    "memorysetup-bucket-allocator-block-count=8"
    "memorysetup-main-allocator-block-size=16777216"
    "memorysetup-thread-allocator-block-size=16777216"
    "memorysetup-gfx-main-allocator-block-size=16777216"
    "memorysetup-gfx-thread-allocator-block-size=16777216"
    "memorysetup-cache-allocator-block-size=4194304"
    "memorysetup-typetree-allocator-block-size=2097152"
    "memorysetup-profiler-bucket-allocator-granularity=16"
    "memorysetup-profiler-bucket-allocator-bucket-count=8"
    "memorysetup-profiler-bucket-allocator-block-size=33554432"
    "memorysetup-profiler-bucket-allocator-block-count=8"
    "memorysetup-profiler-allocator-block-size=16777216"
    "memorysetup-profiler-editor-allocator-block-size=1048576"
    "memorysetup-temp-allocator-size-main=16777216"
    "memorysetup-job-temp-allocator-block-size=2097152"
    "memorysetup-job-temp-allocator-block-size-background=1048576"
    "memorysetup-job-temp-allocator-reduction-small-platforms=262144"
    "memorysetup-temp-allocator-size-background-worker=32768"
    "memorysetup-temp-allocator-size-job-worker=262144"
    "memorysetup-temp-allocator-size-preload-manager=33554432"
    "memorysetup-temp-allocator-size-nav-mesh-worker=65536"
    "memorysetup-temp-allocator-size-audio-worker=65536"
    "memorysetup-temp-allocator-size-cloud-worker=32768"
    "memorysetup-temp-allocator-size-gi-baking-worker=262144"
    "memorysetup-temp-allocator-size-gfx=262144"
Refreshing native plugins compatible for Editor in 126.19 ms, found 4 plugins.
Preloading 0 native plugins for Editor in 0.00 ms.
Initialize engine version: 2021.3.11f1 (0a5ca18544bf)
[Subsystems] Discovering subsystems at path C:/Program Files/Unity/Hub/Editor/2021.3.11f1/Editor/Data/Resources/UnitySubsystems
[Subsystems] Discovering subsystems at path C:/Users/Nicolas/Documents/Unity/SeniorsVR_Unity/Assets
GfxDevice: creating device client; threaded=0; jobified=0
Direct3D:
    Version:  Direct3D 11.0 [level 11.1]
    Renderer: NVIDIA GeForce GTX 1650 (ID=0x1f82)
    Vendor:   NVIDIA
    VRAM:     3949 MB
    Driver:   31.0.15.3623
Initialize mono
Mono path[0] = 'C:/Program Files/Unity/Hub/Editor/2021.3.11f1/Editor/Data/Managed'
Mono path[1] = 'C:/Program Files/Unity/Hub/Editor/2021.3.11f1/Editor/Data/MonoBleedingEdge/lib/mono/unityjit-win32'
Mono config path = 'C:/Program Files/Unity/Hub/Editor/2021.3.11f1/Editor/Data/MonoBleedingEdge/etc'
Using monoOptions --debugger-agent=transport=dt_socket,embedding=1,server=y,suspend=n,address=127.0.0.1:56592
Begin MonoManager ReloadAssembly
Registering precompiled unity dll's ...
Register platform support module: C:/Program Files/Unity/Hub/Editor/2021.3.11f1/Editor/Data/PlaybackEngines/AndroidPlayer/UnityEditor.Android.Extensions.dll
Register platform support module: C:/Program Files/Unity/Hub/Editor/2021.3.11f1/Editor/Data/PlaybackEngines/WindowsStandaloneSupport/UnityEditor.WindowsStandalone.Extensions.dll
Registered in 0.009093 seconds.
Native extension for WindowsStandalone target not found
Native extension for Android target not found
Refreshing native plugins compatible for Editor in 112.84 ms, found 4 plugins.
Preloading 0 native plugins for Editor in 0.00 ms.
Mono: successfully reloaded assembly
- Completed reload, in  0.755 seconds
Domain Reload Profiling:
	ReloadAssembly (756ms)
		BeginReloadAssembly (72ms)
			ExecutionOrderSort (0ms)
			DisableScriptedObjects (0ms)
			BackupInstance (0ms)
			ReleaseScriptingObjects (0ms)
			CreateAndSetChildDomain (1ms)
		EndReloadAssembly (577ms)
			LoadAssemblies (69ms)
			RebuildTransferFunctionScriptingTraits (0ms)
			SetupTypeCache (129ms)
			ReleaseScriptCaches (0ms)
			RebuildScriptCaches (33ms)
			SetupLoadedEditorAssemblies (354ms)
				LogAssemblyErrors (0ms)
				InitializePlatformSupportModulesInManaged (101ms)
				SetLoadedEditorAssemblies (0ms)
				RefreshPlugins (113ms)
				BeforeProcessingInitializeOnLoad (1ms)
				ProcessInitializeOnLoadAttributes (88ms)
				ProcessInitializeOnLoadMethodAttributes (51ms)
				AfterProcessingInitializeOnLoad (0ms)
				EditorAssembliesLoaded (0ms)
			ExecutionOrderSort2 (0ms)
			AwakeInstancesAfterBackupRestoration (0ms)
Platform modules already initialized, skipping
Registering precompiled user dll's ...
Registered in 0.010275 seconds.
Begin MonoManager ReloadAssembly
Symbol file LoadedFromMemory doesn't match image C:\Users\Nicolas\Documents\Unity\SeniorsVR_Unity\Library\PackageCache\com.unity.visualscripting@1.7.8\Editor\VisualScripting.Core\Dependencies\YamlDotNet\Unity.VisualScripting.YamlDotNet.dll
Symbol file LoadedFromMemory doesn't match image C:\Users\Nicolas\Documents\Unity\SeniorsVR_Unity\Library\PackageCache\com.unity.visualscripting@1.7.8\Editor\VisualScripting.Core\Dependencies\DotNetZip\Unity.VisualScripting.IonicZip.dll
Native extension for WindowsStandalone target not found
Native extension for Android target not found
Refreshing native plugins compatible for Editor in 131.99 ms, found 4 plugins.
Preloading 0 native plugins for Editor in 0.00 ms.
Package Manager log level set to [2]
Mono: successfully reloaded assembly
- Completed reload, in  1.495 seconds
Domain Reload Profiling:
	ReloadAssembly (1496ms)
		BeginReloadAssembly (229ms)
			ExecutionOrderSort (0ms)
			DisableScriptedObjects (5ms)
			BackupInstance (0ms)
			ReleaseScriptingObjects (0ms)
			CreateAndSetChildDomain (142ms)
		EndReloadAssembly (1170ms)
			LoadAssemblies (90ms)
			RebuildTransferFunctionScriptingTraits (0ms)
			SetupTypeCache (305ms)
			ReleaseScriptCaches (1ms)
			RebuildScriptCaches (60ms)
			SetupLoadedEditorAssemblies (657ms)
				LogAssemblyErrors (0ms)
				InitializePlatformSupportModulesInManaged (19ms)
				SetLoadedEditorAssemblies (0ms)
				RefreshPlugins (132ms)
				BeforeProcessingInitializeOnLoad (113ms)
				ProcessInitializeOnLoadAttributes (281ms)
				ProcessInitializeOnLoadMethodAttributes (98ms)
				AfterProcessingInitializeOnLoad (13ms)
				EditorAssembliesLoaded (0ms)
			ExecutionOrderSort2 (0ms)
			AwakeInstancesAfterBackupRestoration (6ms)
Platform modules already initialized, skipping
========================================================================
Worker process is ready to serve import requests
Launched and connected shader compiler UnityShaderCompiler.exe after 0.05 seconds
Refreshing native plugins compatible for Editor in 1.30 ms, found 4 plugins.
Preloading 0 native plugins for Editor in 0.00 ms.
Unloading 5341 Unused Serialized files (Serialized files now loaded: 0)
Unloading 35 unused Assets / (462.9 KB). Loaded Objects now: 5800.
Memory consumption went from 215.4 MB to 215.0 MB.
Total: 3.593000 ms (FindLiveObjects: 0.427800 ms CreateObjectMapping: 0.434200 ms MarkObjects: 2.461200 ms  DeleteObjects: 0.268600 ms)

AssetImportParameters requested are different than current active one (requested -> active):
  custom:video-decoder-ogg-theora: a1e56fd34408186e4bbccfd4996cb3dc -> 
  custom:container-muxer-webm: aa71ff27fc2769a1b78a27578f13a17b -> 
  custom:container-demuxer-webm: 4f35f7cbe854078d1ac9338744f61a02 -> 
  custom:video-encoder-webm-vp8: eb34c28f22e8b96e1ab97ce403110664 -> 
  custom:audio-encoder-webm-vorbis: bf7c407c2cedff20999df2af8eb42d56 -> 
  custom:framework-win-MediaFoundation: 216162199b28c13a410421893ffa2e32 -> 
  custom:container-demuxer-ogg: 62fdf1f143b41e24485cea50d1cbac27 -> 
  custom:video-decoder-webm-vp8: 9c59270c3fd7afecdb556c50c9e8de78 -> 
  custom:audio-decoder-ogg-vorbis: bf7c407c2cedff20999df2af8eb42d56 -> 
========================================================================
Received Import Request.
  Time since last request: 992342.473079 seconds.
  path: Assets/Renato/Scenes/GraphicsScene.unity
  artifactKey: Guid(18ff661e2a6b2974db94e2f8d7f3e91a) Importer(815301076,1909f56bfc062723c751e8b465ee728b)
Start importing Assets/Renato/Scenes/GraphicsScene.unity using Guid(18ff661e2a6b2974db94e2f8d7f3e91a) Importer(815301076,1909f56bfc062723c751e8b465ee728b)  -> (artifact id: 'a4849dfc74cd575fd0691beb731c15ef') in 0.027722 seconds 
========================================================================
Received Import Request.
  Time since last request: 1454.598325 seconds.
  path: Assets/Renato/UI/DatePicker/Sprites/Arrow_Left.png
  artifactKey: Guid(bf9d973b2a5c95b4c9179a90d616e201) Importer(815301076,1909f56bfc062723c751e8b465ee728b)
Start importing Assets/Renato/UI/DatePicker/Sprites/Arrow_Left.png using Guid(bf9d973b2a5c95b4c9179a90d616e201) Importer(815301076,1909f56bfc062723c751e8b465ee728b)  -> (artifact id: 'fa1c3c7d3973354fb0db2addd06c06fa') in 0.207509 seconds 
========================================================================
Received Import Request.
  Time since last request: 0.000028 seconds.
  path: Assets/Renato/Sprites/background.png
  artifactKey: Guid(2ceee0ca5cf05e947aaf0dcea652bccd) Importer(815301076,1909f56bfc062723c751e8b465ee728b)
Start importing Assets/Renato/Sprites/background.png using Guid(2ceee0ca5cf05e947aaf0dcea652bccd) Importer(815301076,1909f56bfc062723c751e8b465ee728b)  -> (artifact id: '627995d7fcbf1d3aa8fd3fe493ec244e') in 0.124751 seconds 
========================================================================
Received Import Request.
  Time since last request: 0.000039 seconds.
  path: Assets/Renato/Sprites/book.png
  artifactKey: Guid(7276c2f3d63220a439da8cb11b26ccb7) Importer(815301076,1909f56bfc062723c751e8b465ee728b)
Start importing Assets/Renato/Sprites/book.png using Guid(7276c2f3d63220a439da8cb11b26ccb7) Importer(815301076,1909f56bfc062723c751e8b465ee728b)  -> (artifact id: '43be21b291b4c80f86d5663b67bca4f9') in 0.051439 seconds 
========================================================================
Received Import Request.
  Time since last request: 0.000026 seconds.
  path: Assets/Renato/Sprites/bg1.png
  artifactKey: Guid(a09bf9cbdf2d6354baa2a9cb279e4b03) Importer(815301076,1909f56bfc062723c751e8b465ee728b)
Start importing Assets/Renato/Sprites/bg1.png using Guid(a09bf9cbdf2d6354baa2a9cb279e4b03) Importer(815301076,1909f56bfc062723c751e8b465ee728b)  -> (artifact id: 'c54f1c128bdaff5b544bcced90d39b59') in 0.061130 seconds 
========================================================================
Received Import Request.
  Time since last request: 65.324795 seconds.
  path: Assets/Renato/Sprites/Group.png
  artifactKey: Guid(4b1db015f5ba91e4ca0aa082a912d9c8) Importer(815301076,1909f56bfc062723c751e8b465ee728b)
Start importing Assets/Renato/Sprites/Group.png using Guid(4b1db015f5ba91e4ca0aa082a912d9c8) Importer(815301076,1909f56bfc062723c751e8b465ee728b)  -> (artifact id: 'de1860897b6fb93223d18f748a325ac6') in 0.042679 seconds 
========================================================================
Received Import Request.
  Time since last request: 0.000027 seconds.
  path: Packages/com.unity.collab-proxy/Editor/PlasticSCM/Assets/Images/d_iconaddedoverlay@2x.png
  artifactKey: Guid(a6fbd5a181bc51e42a61a73fe8d727c8) Importer(815301076,1909f56bfc062723c751e8b465ee728b)
Start importing Packages/com.unity.collab-proxy/Editor/PlasticSCM/Assets/Images/d_iconaddedoverlay@2x.png using Guid(a6fbd5a181bc51e42a61a73fe8d727c8) Importer(815301076,1909f56bfc062723c751e8b465ee728b)  -> (artifact id: 'fbce271f3719d96e0c262cf5eb3116d9') in 0.080440 seconds 
========================================================================
Received Import Request.
  Time since last request: 0.000026 seconds.
  path: Assets/Renato/Sprites/circle.png
  artifactKey: Guid(ae6a7a845dabe964e88c4a6e4250cfb3) Importer(815301076,1909f56bfc062723c751e8b465ee728b)
Start importing Assets/Renato/Sprites/circle.png using Guid(ae6a7a845dabe964e88c4a6e4250cfb3) Importer(815301076,1909f56bfc062723c751e8b465ee728b)  -> (artifact id: '5475352d2621bfa2a1e6408860261324') in 0.312550 seconds 
========================================================================
Received Import Request.
  Time since last request: 0.000031 seconds.
  path: Packages/com.unity.collab-proxy/Editor/PlasticSCM/Assets/Images/iconaddedoverlay@2x.png
  artifactKey: Guid(74ef721fef79c44489d4e3edb0ab0c01) Importer(815301076,1909f56bfc062723c751e8b465ee728b)
Start importing Packages/com.unity.collab-proxy/Editor/PlasticSCM/Assets/Images/iconaddedoverlay@2x.png using Guid(74ef721fef79c44489d4e3edb0ab0c01) Importer(815301076,1909f56bfc062723c751e8b465ee728b)  -> (artifact id: '8fe07de6ef7edf01385ba87bdee5d889') in 0.036960 seconds 
========================================================================
Received Import Request.
  Time since last request: 0.000022 seconds.
  path: Assets/Nico/Sprites/Billetes/5000.png
  artifactKey: Guid(b7f754a84803d984da3726ac52a20ddd) Importer(815301076,1909f56bfc062723c751e8b465ee728b)
Start importing Assets/Nico/Sprites/Billetes/5000.png using Guid(b7f754a84803d984da3726ac52a20ddd) Importer(815301076,1909f56bfc062723c751e8b465ee728b)  -> (artifact id: '187347560a359825fe387108a4ccacfa') in 0.045461 seconds 
========================================================================
Received Import Request.
  Time since last request: 0.000032 seconds.
  path: Assets/Nico/Sprites/Billetes/2000.png
  artifactKey: Guid(534532e769a46a8459f61fbb46813444) Importer(815301076,1909f56bfc062723c751e8b465ee728b)
Start importing Assets/Nico/Sprites/Billetes/2000.png using Guid(534532e769a46a8459f61fbb46813444) Importer(815301076,1909f56bfc062723c751e8b465ee728b)  -> (artifact id: '74fcc2a518f37211b21970a0f39d2faa') in 0.034713 seconds 
========================================================================
Received Import Request.
  Time since last request: 0.000026 seconds.
  path: Assets/Nico/Sprites/Billetes/10.png
  artifactKey: Guid(263f5ffba7bac8741a6d7775e01faf31) Importer(815301076,1909f56bfc062723c751e8b465ee728b)
Start importing Assets/Nico/Sprites/Billetes/10.png using Guid(263f5ffba7bac8741a6d7775e01faf31) Importer(815301076,1909f56bfc062723c751e8b465ee728b)  -> (artifact id: '1e3f8b27c01d709b3388f31b0356c59b') in 0.031949 seconds 
========================================================================
Received Import Request.
  Time since last request: 0.000022 seconds.
  path: Assets/Nico/Sprites/Billetes/50.png
  artifactKey: Guid(e4007a1940bcec544b3eaa2f911dab1c) Importer(815301076,1909f56bfc062723c751e8b465ee728b)
Start importing Assets/Nico/Sprites/Billetes/50.png using Guid(e4007a1940bcec544b3eaa2f911dab1c) Importer(815301076,1909f56bfc062723c751e8b465ee728b)  -> (artifact id: 'bf354cd7557277bea1d7f34115c6fc81') in 0.034593 seconds 
========================================================================
Received Import Request.
  Time since last request: 0.000033 seconds.
  path: Assets/Nico/Sprites/Mostrador/cajera.png
  artifactKey: Guid(1daad26841025814989944a436f343b8) Importer(815301076,1909f56bfc062723c751e8b465ee728b)
Start importing Assets/Nico/Sprites/Mostrador/cajera.png using Guid(1daad26841025814989944a436f343b8) Importer(815301076,1909f56bfc062723c751e8b465ee728b)  -> (artifact id: '9834988d5e78e447224666ab53ad07a7') in 0.048531 seconds 
========================================================================
Received Import Request.
  Time since last request: 0.000029 seconds.
  path: Assets/Ramila/images/Carne.png
  artifactKey: Guid(2d6315726ad1ade43b069ab9760215f3) Importer(815301076,1909f56bfc062723c751e8b465ee728b)
Start importing Assets/Ramila/images/Carne.png using Guid(2d6315726ad1ade43b069ab9760215f3) Importer(815301076,1909f56bfc062723c751e8b465ee728b)  -> (artifact id: '5fbc7dae49f605cb9d4d96c8aa81b710') in 0.065677 seconds 
========================================================================
Received Import Request.
  Time since last request: 0.000026 seconds.
  path: Packages/com.unity.collab-proxy/Editor/PlasticSCM/Assets/Images/d_genericbuhoshechristmas3.png
  artifactKey: Guid(f8c9467a892580344bb697526dac0d13) Importer(815301076,1909f56bfc062723c751e8b465ee728b)
Start importing Packages/com.unity.collab-proxy/Editor/PlasticSCM/Assets/Images/d_genericbuhoshechristmas3.png using Guid(f8c9467a892580344bb697526dac0d13) Importer(815301076,1909f56bfc062723c751e8b465ee728b)  -> (artifact id: 'bf70b14993fa51f53a6f3640825622c4') in 0.038155 seconds 
========================================================================
Received Import Request.
  Time since last request: 0.000027 seconds.
  path: Assets/Renato/Sprites/Group 3.png
  artifactKey: Guid(3865abe06fa755d4fb7d8251efd9ab77) Importer(815301076,1909f56bfc062723c751e8b465ee728b)
Start importing Assets/Renato/Sprites/Group 3.png using Guid(3865abe06fa755d4fb7d8251efd9ab77) Importer(815301076,1909f56bfc062723c751e8b465ee728b)  -> (artifact id: '8d2e1cb4a5a3c8b869d203f6bd724702') in 0.075590 seconds 
========================================================================
Received Import Request.
  Time since last request: 0.000035 seconds.
  path: Assets/Nico/Sprites/Billetes/20000.png
  artifactKey: Guid(6696d449749e719429b16ecb33fbb323) Importer(815301076,1909f56bfc062723c751e8b465ee728b)
Start importing Assets/Nico/Sprites/Billetes/20000.png using Guid(6696d449749e719429b16ecb33fbb323) Importer(815301076,1909f56bfc062723c751e8b465ee728b)  -> (artifact id: '0488a17601ac654b11bc3f44458c637c') in 0.036494 seconds 
========================================================================
Received Import Request.
  Time since last request: 0.000031 seconds.
  path: Assets/Ramila/images/agregar paciente.png
  artifactKey: Guid(37e0ce7adca7fcf4bb7a49c0ae2100cd) Importer(815301076,1909f56bfc062723c751e8b465ee728b)
Start importing Assets/Ramila/images/agregar paciente.png using Guid(37e0ce7adca7fcf4bb7a49c0ae2100cd) Importer(815301076,1909f56bfc062723c751e8b465ee728b)  -> (artifact id: 'b8d9a540bb6197935c8a4e9c7296d73d') in 0.033658 seconds 
========================================================================
Received Import Request.
  Time since last request: 0.000033 seconds.
  path: Packages/com.unity.collab-proxy/Editor/PlasticSCM/Assets/Images/d_iconbranch.png
  artifactKey: Guid(612c5e166a121e3449dad067fbdc37a4) Importer(815301076,1909f56bfc062723c751e8b465ee728b)
Start importing Packages/com.unity.collab-proxy/Editor/PlasticSCM/Assets/Images/d_iconbranch.png using Guid(612c5e166a121e3449dad067fbdc37a4) Importer(815301076,1909f56bfc062723c751e8b465ee728b)  -> (artifact id: '4cfb7e33b752fd65fb569b652dc35622') in 0.028528 seconds 
========================================================================
Received Import Request.
  Time since last request: 0.000027 seconds.
  path: Packages/com.unity.collab-proxy/Editor/PlasticSCM/Assets/Images/d_iconaddedlocal.png
  artifactKey: Guid(0c6a2a64ca9f9c946a7dbbd1674cf5bd) Importer(815301076,1909f56bfc062723c751e8b465ee728b)
Start importing Packages/com.unity.collab-proxy/Editor/PlasticSCM/Assets/Images/d_iconaddedlocal.png using Guid(0c6a2a64ca9f9c946a7dbbd1674cf5bd) Importer(815301076,1909f56bfc062723c751e8b465ee728b)  -> (artifact id: '8edf1c6f40794d2df1e4b295a283c6b4') in 0.038728 seconds 
========================================================================
Received Import Request.
  Time since last request: 0.000038 seconds.
  path: Assets/Renato/Sprites/Group 1.png
  artifactKey: Guid(83483f3bc63c3db4ea17842e0e715875) Importer(815301076,1909f56bfc062723c751e8b465ee728b)
Start importing Assets/Renato/Sprites/Group 1.png using Guid(83483f3bc63c3db4ea17842e0e715875) Importer(815301076,1909f56bfc062723c751e8b465ee728b)  -> (artifact id: '3888c080187f31d25c2439cce7a8f54e') in 0.040405 seconds 
========================================================================
Received Import Request.
  Time since last request: 0.000027 seconds.
  path: Packages/com.unity.collab-proxy/Editor/PlasticSCM/Assets/Images/buttonssosigningoogle.png
  artifactKey: Guid(f09eae8c0ea04254b90c5386a034a225) Importer(815301076,1909f56bfc062723c751e8b465ee728b)
Start importing Packages/com.unity.collab-proxy/Editor/PlasticSCM/Assets/Images/buttonssosigningoogle.png using Guid(f09eae8c0ea04254b90c5386a034a225) Importer(815301076,1909f56bfc062723c751e8b465ee728b)  -> (artifact id: '6ae8f3f20e344efef30b99fce9345b5d') in 0.029638 seconds 
Editor requested this worker to shutdown with reason: Scaling down because of idle timeout
AssetImportWorker is now disconnected from the server
Process exiting
Exiting without the bug reporter. Application will terminate with return code 0